<?xml version="1.0" encoding="UTF-8"?>
<testng-results ignored="0" total="1" passed="1" failed="0" skipped="0">
  <reporter-output>
  </reporter-output>
  <suite started-at="2023-12-14T11:15:54 IST" name="Suite" finished-at="2023-12-14T11:17:06 IST" duration-ms="72009">
    <groups>
    </groups>
    <test started-at="2023-12-14T11:15:54 IST" name="Test" finished-at="2023-12-14T11:17:06 IST" duration-ms="72009">
      <class name="com.first.A">
        <test-method signature="test1()[pri:0, instance:com.first.A@20ce78ec]" started-at="2023-12-14T11:15:54 IST" name="test1" finished-at="2023-12-14T11:17:06 IST" duration-ms="71859" status="PASS">
          <reporter-output>
          </reporter-output>
        </test-method> <!-- test1 -->
      </class> <!-- com.first.A -->
    </test> <!-- Test -->
  </suite> <!-- Suite -->
</testng-results>
