<?xml version="1.0" encoding="UTF-8"?>
<testng-results ignored="0" total="1" passed="1" failed="0" skipped="0">
  <reporter-output>
  </reporter-output>
  <suite started-at="2023-12-14T00:46:35 IST" name="Default suite" finished-at="2023-12-14T00:46:51 IST" duration-ms="16252">
    <groups>
    </groups>
    <test started-at="2023-12-14T00:46:35 IST" name="Default test" finished-at="2023-12-14T00:46:51 IST" duration-ms="16252">
      <class name="com.first.A">
        <test-method signature="test1()[pri:0, instance:com.first.A@32502377]" started-at="2023-12-14T00:46:35 IST" name="test1" finished-at="2023-12-14T00:46:51 IST" duration-ms="16131" status="PASS">
          <reporter-output>
          </reporter-output>
        </test-method> <!-- test1 -->
      </class> <!-- com.first.A -->
    </test> <!-- Default test -->
  </suite> <!-- Default suite -->
</testng-results>
